
==========
== CUDA ==
==========

CUDA Version 12.2.0

Container image Copyright (c) 2016-2023, NVIDIA CORPORATION & AFFILIATES. All rights reserved.

This container image and its contents are governed by the NVIDIA Deep Learning Container License.
By pulling and using the container, you accept the terms and conditions of this license:
https://developer.nvidia.com/ngc/nvidia-deep-learning-container-license

A copy of this license is made available in this container at /NGC-DL-CONTAINER-LICENSE for your convenience.

Warning: HF_TOKEN environment variable not set; proceeding without login.
Using device: cuda
FLUX model loaded successfully.

--- Processing Category with FLUX: spatial ---
Generating 25 images for spatial with FLUX...
  Generating 1/25: a computer on the top of a rabbit...
  Generating 2/25: a mouse on the bottom of a vase...
  Generating 3/25: a giraffe on the right of a wallet...
  Generating 4/25: a pig on the top of a man...
  Generating 5/25: a dog on the bottom of a balloon...
  Generating 6/25: a butterfly on side of a cup...
  Generating 7/25: a clock on the top of a sheep...
  Generating 8/25: a couch on the left of a dog...
  Generating 9/25: a person on side of a cow...
  Generating 10/25: a cow on the top of a painting...
  Generating 11/25: a chicken on the left of a girl...
  Generating 12/25: a boy on the bottom of a bee...
  Generating 13/25: a pig on the left of a lamp...
  Generating 14/25: a pig on the top of a boy...
  Generating 15/25: a frog next to a desk...
  Generating 16/25: a cat on the top of a candle...
  Generating 17/25: a fish on side of a sofa...
  Generating 18/25: a boy next to a couch...
  Generating 19/25: a pig near a cup...
  Generating 20/25: a chicken on side of a cup...
  Generating 21/25: a giraffe near a wallet...
  Generating 22/25: a bird next to a refrigerator...
  Generating 23/25: a cow on side of a clock...
  Generating 24/25: a bee on the right of a refrigerator...
  Generating 25/25: a phone on the right of a butterfly...
Completed spatial with FLUX.

--- Processing Category with FLUX: numeric ---
Generating 25 images for numeric with FLUX...
  Generating 1/25: six ducks...
  Generating 2/25: four ships...
  Generating 3/25: one bicycle and one banana...
  Generating 4/25: two fish and two microphones...
  Generating 5/25: four cups and three ships...
  Generating 6/25: five books...
  Generating 7/25: six vases...
  Generating 8/25: a microwave, a cup, three ships, and two fish were...
  Generating 9/25: one lemon...
  Generating 10/25: three ducks, two clocks, two desks, three cows and...
  Generating 11/25: seven drums...
  Generating 12/25: five frogs...
  Generating 13/25: seven trains...
  Generating 14/25: two boats and four cakes...
  Generating 15/25: three guitars and two pillows...
  Generating 16/25: two bottles, four microphones and two boys...
  Generating 17/25: six toys...
  Generating 18/25: a bicycle, two desks, four strawberries, and three...
  Generating 19/25: one stool and four sinks...
  Generating 20/25: one stool, four balloons and three bananas...
  Generating 21/25: two toys and one helicopter...
  Generating 22/25: three toys, three kites, two birds and four microw...
  Generating 23/25: four bags and three books...
  Generating 24/25: one turtle...
  Generating 25/25: two drums added rhythm to the music...
Completed numeric with FLUX.

--- Processing Category with FLUX: 3Dspatial ---
Generating 25 images for 3Dspatial with FLUX...
  Generating 1/25: a pig behind a boy...
  Generating 2/25: a computer in front of a cow...
  Generating 3/25: a frog hidden by a lamp...
  Generating 4/25: a phone hidden by a frog...
  Generating 5/25: a desk hidden by a person...
  Generating 6/25: a table hidden by a dog...
  Generating 7/25: a frog hidden by a chair...
  Generating 8/25: a mouse hidden by a dog...
  Generating 9/25: a bowl in front of a cow...
  Generating 10/25: a candle in front of a bag...
  Generating 11/25: a chair hidden by a turtle...
  Generating 12/25: a mouse hidden by a key...
  Generating 13/25: a painting behind a boy...
  Generating 14/25: a car behind a clock...
  Generating 15/25: a microwave hidden by a sheep...
  Generating 16/25: a turtle behind a pig...
  Generating 17/25: a cat in front of a chair...
  Generating 18/25: a key behind a candle...
  Generating 19/25: a candle behind a vase...
  Generating 20/25: a man hidden by a computer...
  Generating 21/25: a computer behind a table...
  Generating 22/25: a rabbit behind a bag...
  Generating 23/25: a man in front of a balloon...
  Generating 24/25: a cat behind a boy...
  Generating 25/25: a vase behind a television...
Completed 3Dspatial with FLUX.

--- Processing Category with FLUX: complex ---
Generating 25 images for complex with FLUX...
  Generating 1/25: The square coaster was next to the circular glass....
  Generating 2/25: The black chair was on the left of the white table...
  Generating 3/25: The rough brown hiking boots contrasted with the s...
  Generating 4/25: The sleek black sports bike sped past the bright g...
  Generating 5/25: The shiny silver watch lay next to the smooth blac...
  Generating 6/25: The soft blanket was on top of the hard armchair....
  Generating 7/25: The oval plate was on top of the square placemat....
  Generating 8/25: The bold, dynamic brushstrokes of the painting cre...
  Generating 9/25: The black chair was next to the silver table....
  Generating 10/25: The soft cotton candy melted on the warm tongue an...
  Generating 11/25: The rough brick was on top of the smooth tile....
  Generating 12/25: The rectangular mirror was hung above the black dr...
  Generating 13/25: The oval mirror is hung above the white sink....
  Generating 14/25: The sleek black sports car drove past the bulky gr...
  Generating 15/25: The fluffy white cat slept on the warm fuzzy blank...
  Generating 16/25: The bold, striking patterns of the tiger's stripes...
  Generating 17/25: The square book was next to the green notebook....
  Generating 18/25: The soft, gentle lullaby of the mother's voice cal...
  Generating 19/25: The shiny silver car zoomed past the old rusty tru...
  Generating 20/25: The cylindrical tube was nestled between the recta...
  Generating 21/25: The sleek silver airplane flew above the fluffy wh...
  Generating 22/25: The vibrant, multicolored feathers of the peacock ...
  Generating 23/25: The soft blue sky contrasted with the sharp white ...
  Generating 24/25: The leather wallet was inside the brown purse....
  Generating 25/25: The sleek black briefcase sat on the clean white s...
Completed complex with FLUX.
